<?xml version="1.0" encoding="UTF-8"?>
<testng-results ignored="0" total="1" passed="1" failed="0" skipped="0">
  <reporter-output>
  </reporter-output>
  <suite started-at="2023-09-24T16:12:08 IST" name="Default suite" finished-at="2023-09-24T16:12:15 IST" duration-ms="7508">
    <groups>
    </groups>
    <test started-at="2023-09-24T16:12:08 IST" name="Default test" finished-at="2023-09-24T16:12:15 IST" duration-ms="7508">
      <class name="Register.DWS_01_Register">
        <test-method is-config="true" signature="launchingtheBrowser()[pri:0, instance:Register.DWS_01_Register@71238fc2]" started-at="2023-09-24T16:12:08 IST" name="launchingtheBrowser" finished-at="2023-09-24T16:12:09 IST" duration-ms="1722" status="PASS">
          <reporter-output>
          </reporter-output>
        </test-method> <!-- launchingtheBrowser -->
        <test-method is-config="true" signature="navigateToApplication()[pri:0, instance:Register.DWS_01_Register@71238fc2]" started-at="2023-09-24T16:12:09 IST" name="navigateToApplication" finished-at="2023-09-24T16:12:12 IST" duration-ms="2438" status="PASS">
          <reporter-output>
          </reporter-output>
        </test-method> <!-- navigateToApplication -->
        <test-method signature="registering_The_User()[pri:0, instance:Register.DWS_01_Register@71238fc2]" started-at="2023-09-24T16:12:12 IST" name="registering_The_User" finished-at="2023-09-24T16:12:13 IST" duration-ms="1121" status="PASS">
          <reporter-output>
          </reporter-output>
        </test-method> <!-- registering_The_User -->
        <test-method is-config="true" signature="tearDowntheBrowser()[pri:0, instance:Register.DWS_01_Register@71238fc2]" started-at="2023-09-24T16:12:13 IST" name="tearDowntheBrowser" finished-at="2023-09-24T16:12:15 IST" duration-ms="2198" status="PASS">
          <reporter-output>
          </reporter-output>
        </test-method> <!-- tearDowntheBrowser -->
      </class> <!-- Register.DWS_01_Register -->
    </test> <!-- Default test -->
  </suite> <!-- Default suite -->
</testng-results>
